# JRE version: OpenJDK Runtime Environment Temurin-21.0.9+10 (21.0.9+10) (build 21.0.9+10-LTS)
# Java VM: OpenJDK 64-Bit Server VM Temurin-21.0.9+10 (21.0.9+10-LTS, mixed mode, sharing, tiered, compressed oops, compressed class ptrs, parallel gc, windows-amd64)
GC Precious Log:
 CardTable entry size: 512
 CPUs: 12 total, 12 available
 Memory: 16052M
 Large Page Support: Disabled
 NUMA Support: Disabled
 Compressed Oops: Enabled (32-bit)
 Alignments: Space 512K, Generation 512K, Heap 2M
 Heap Min Capacity: 100M
 Heap Initial Capacity: 100M
 Heap Max Capacity: 2G
 Pre-touch: Disabled
 Parallel Workers: 10
Heap:
 PSYoungGen      total 10240K, used 4027K [0x00000000d5580000, 0x00000000d6400000, 0x0000000100000000)
  eden space 6656K, 10% used [0x00000000d5580000,0x00000000d5626d30,0x00000000d5c00000)
  from space 3584K, 93% used [0x00000000d5c00000,0x00000000d5f48248,0x00000000d5f80000)
  to   space 4096K, 0% used [0x00000000d6000000,0x00000000d6000000,0x00000000d6400000)
 ParOldGen       total 232448K, used 231987K [0x0000000080000000, 0x000000008e300000, 0x00000000d5580000)
  object space 232448K, 99% used [0x0000000080000000,0x000000008e28ccc8,0x000000008e300000)
 Metaspace       used 76218K, committed 77824K, reserved 1179648K
  class space    used 8045K, committed 8704K, reserved 1048576K
GC Heap History (20 events):
Event: 577.433 GC heap before
{Heap before GC invocations=114 (full 3):
 PSYoungGen      total 9728K, used 9710K [0x00000000d5580000, 0x00000000d6480000, 0x0000000100000000)
  eden space 8192K, 100% used [0x00000000d5580000,0x00000000d5d80000,0x00000000d5d80000)
  from space 1536K, 98% used [0x00000000d6080000,0x00000000d61fba40,0x00000000d6200000)
  to   space 3072K, 0% used [0x00000000d5d80000,0x00000000d5d80000,0x00000000d6080000)
 ParOldGen       total 221696K, used 221685K [0x0000000080000000, 0x000000008d880000, 0x00000000d5580000)
  object space 221696K, 99% used [0x0000000080000000,0x000000008d87d498,0x000000008d880000)
 Metaspace       used 76021K, committed 77568K, reserved 1179648K
  class space    used 8037K, committed 8704K, reserved 1048576K
}
Event: 577.436 GC heap after
{Heap after GC invocations=114 (full 3):
 PSYoungGen      total 9216K, used 575K [0x00000000d5580000, 0x00000000d6100000, 0x0000000100000000)
  eden space 8192K, 0% used [0x00000000d5580000,0x00000000d5580000,0x00000000d5d80000)
  from space 1024K, 56% used [0x00000000d5d80000,0x00000000d5e0fcc8,0x00000000d5e80000)
  to   space 1536K, 0% used [0x00000000d5f80000,0x00000000d5f80000,0x00000000d6100000)
 ParOldGen       total 225280K, used 224349K [0x0000000080000000, 0x000000008dc00000, 0x00000000d5580000)
  object space 225280K, 99% used [0x0000000080000000,0x000000008db17498,0x000000008dc00000)
 Metaspace       used 76021K, committed 77568K, reserved 1179648K
  class space    used 8037K, committed 8704K, reserved 1048576K
}
Event: 577.632 GC heap before
{Heap before GC invocations=115 (full 3):
 PSYoungGen      total 9216K, used 8767K [0x00000000d5580000, 0x00000000d6100000, 0x0000000100000000)
  eden space 8192K, 100% used [0x00000000d5580000,0x00000000d5d80000,0x00000000d5d80000)
  from space 1024K, 56% used [0x00000000d5d80000,0x00000000d5e0fcc8,0x00000000d5e80000)
  to   space 1536K, 0% used [0x00000000d5f80000,0x00000000d5f80000,0x00000000d6100000)
 ParOldGen       total 225280K, used 224349K [0x0000000080000000, 0x000000008dc00000, 0x00000000d5580000)
  object space 225280K, 99% used [0x0000000080000000,0x000000008db17498,0x000000008dc00000)
 Metaspace       used 76021K, committed 77568K, reserved 1179648K
  class space    used 8037K, committed 8704K, reserved 1048576K
}
Event: 577.634 GC heap after
{Heap after GC invocations=115 (full 3):
 PSYoungGen      total 8704K, used 338K [0x00000000d5580000, 0x00000000d6000000, 0x0000000100000000)
  eden space 8192K, 0% used [0x00000000d5580000,0x00000000d5580000,0x00000000d5d80000)
  from space 512K, 66% used [0x00000000d5f80000,0x00000000d5fd4988,0x00000000d6000000)
  to   space 1024K, 0% used [0x00000000d5e00000,0x00000000d5e00000,0x00000000d5f00000)
 ParOldGen       total 225280K, used 224581K [0x0000000080000000, 0x000000008dc00000, 0x00000000d5580000)
  object space 225280K, 99% used [0x0000000080000000,0x000000008db51498,0x000000008dc00000)
 Metaspace       used 76021K, committed 77568K, reserved 1179648K
  class space    used 8037K, committed 8704K, reserved 1048576K
}
Event: 577.719 GC heap before
{Heap before GC invocations=116 (full 3):
 PSYoungGen      total 8704K, used 8530K [0x00000000d5580000, 0x00000000d6000000, 0x0000000100000000)
  eden space 8192K, 100% used [0x00000000d5580000,0x00000000d5d80000,0x00000000d5d80000)
  from space 512K, 66% used [0x00000000d5f80000,0x00000000d5fd4988,0x00000000d6000000)
  to   space 1024K, 0% used [0x00000000d5e00000,0x00000000d5e00000,0x00000000d5f00000)
 ParOldGen       total 225280K, used 224581K [0x0000000080000000, 0x000000008dc00000, 0x00000000d5580000)
  object space 225280K, 99% used [0x0000000080000000,0x000000008db51498,0x000000008dc00000)
 Metaspace       used 76021K, committed 77568K, reserved 1179648K
  class space    used 8037K, committed 8704K, reserved 1048576K
}
Event: 577.720 GC heap after
{Heap after GC invocations=116 (full 3):
 PSYoungGen      total 9216K, used 430K [0x00000000d5580000, 0x00000000d6000000, 0x0000000100000000)
  eden space 8192K, 0% used [0x00000000d5580000,0x00000000d5580000,0x00000000d5d80000)
  from space 1024K, 41% used [0x00000000d5e00000,0x00000000d5e6b838,0x00000000d5f00000)
  to   space 512K, 0% used [0x00000000d5f80000,0x00000000d5f80000,0x00000000d6000000)
 ParOldGen       total 225280K, used 224621K [0x0000000080000000, 0x000000008dc00000, 0x00000000d5580000)
  object space 225280K, 99% used [0x0000000080000000,0x000000008db5b498,0x000000008dc00000)
 Metaspace       used 76021K, committed 77568K, reserved 1179648K
  class space    used 8037K, committed 8704K, reserved 1048576K
}
Event: 577.744 GC heap before
{Heap before GC invocations=117 (full 3):
 PSYoungGen      total 9216K, used 8622K [0x00000000d5580000, 0x00000000d6000000, 0x0000000100000000)
  eden space 8192K, 100% used [0x00000000d5580000,0x00000000d5d80000,0x00000000d5d80000)
  from space 1024K, 41% used [0x00000000d5e00000,0x00000000d5e6b838,0x00000000d5f00000)
  to   space 512K, 0% used [0x00000000d5f80000,0x00000000d5f80000,0x00000000d6000000)
 ParOldGen       total 225280K, used 224621K [0x0000000080000000, 0x000000008dc00000, 0x00000000d5580000)
  object space 225280K, 99% used [0x0000000080000000,0x000000008db5b498,0x000000008dc00000)
 Metaspace       used 76021K, committed 77568K, reserved 1179648K
  class space    used 8037K, committed 8704K, reserved 1048576K
}
Event: 577.745 GC heap after
{Heap after GC invocations=117 (full 3):
 PSYoungGen      total 8704K, used 195K [0x00000000d5580000, 0x00000000d6000000, 0x0000000100000000)
  eden space 8192K, 0% used [0x00000000d5580000,0x00000000d5580000,0x00000000d5d80000)
  from space 512K, 38% used [0x00000000d5f80000,0x00000000d5fb0fa8,0x00000000d6000000)
  to   space 512K, 0% used [0x00000000d5f00000,0x00000000d5f00000,0x00000000d5f80000)
 ParOldGen       total 225280K, used 224661K [0x0000000080000000, 0x000000008dc00000, 0x00000000d5580000)
  object space 225280K, 99% used [0x0000000080000000,0x000000008db65498,0x000000008dc00000)
 Metaspace       used 76021K, committed 77568K, reserved 1179648K
  class space    used 8037K, committed 8704K, reserved 1048576K
}
Event: 577.772 GC heap before
{Heap before GC invocations=118 (full 3):
 PSYoungGen      total 8704K, used 8387K [0x00000000d5580000, 0x00000000d6000000, 0x0000000100000000)
  eden space 8192K, 100% used [0x00000000d5580000,0x00000000d5d80000,0x00000000d5d80000)
  from space 512K, 38% used [0x00000000d5f80000,0x00000000d5fb0fa8,0x00000000d6000000)
  to   space 512K, 0% used [0x00000000d5f00000,0x00000000d5f00000,0x00000000d5f80000)
 ParOldGen       total 225280K, used 224661K [0x0000000080000000, 0x000000008dc00000, 0x00000000d5580000)
  object space 225280K, 99% used [0x0000000080000000,0x000000008db65498,0x000000008dc00000)
 Metaspace       used 76021K, committed 77568K, reserved 1179648K
  class space    used 8037K, committed 8704K, reserved 1048576K
}
Event: 577.774 GC heap after
{Heap after GC invocations=118 (full 3):
 PSYoungGen      total 8704K, used 299K [0x00000000d5580000, 0x00000000d6000000, 0x0000000100000000)
  eden space 8192K, 0% used [0x00000000d5580000,0x00000000d5580000,0x00000000d5d80000)
  from space 512K, 58% used [0x00000000d5f00000,0x00000000d5f4afa8,0x00000000d5f80000)
  to   space 512K, 0% used [0x00000000d5f80000,0x00000000d5f80000,0x00000000d6000000)
 ParOldGen       total 225280K, used 224693K [0x0000000080000000, 0x000000008dc00000, 0x00000000d5580000)
  object space 225280K, 99% used [0x0000000080000000,0x000000008db6d498,0x000000008dc00000)
 Metaspace       used 76021K, committed 77568K, reserved 1179648K
  class space    used 8037K, committed 8704K, reserved 1048576K
}
Event: 577.818 GC heap before
{Heap before GC invocations=119 (full 3):
 PSYoungGen      total 8704K, used 8491K [0x00000000d5580000, 0x00000000d6000000, 0x0000000100000000)
  eden space 8192K, 100% used [0x00000000d5580000,0x00000000d5d80000,0x00000000d5d80000)
  from space 512K, 58% used [0x00000000d5f00000,0x00000000d5f4afa8,0x00000000d5f80000)
  to   space 512K, 0% used [0x00000000d5f80000,0x00000000d5f80000,0x00000000d6000000)
 ParOldGen       total 225280K, used 224693K [0x0000000080000000, 0x000000008dc00000, 0x00000000d5580000)
  object space 225280K, 99% used [0x0000000080000000,0x000000008db6d498,0x000000008dc00000)
 Metaspace       used 76021K, committed 77568K, reserved 1179648K
  class space    used 8037K, committed 8704K, reserved 1048576K
}
Event: 577.819 GC heap after
{Heap after GC invocations=119 (full 3):
 PSYoungGen      total 8704K, used 250K [0x00000000d5580000, 0x00000000d6000000, 0x0000000100000000)
  eden space 8192K, 0% used [0x00000000d5580000,0x00000000d5580000,0x00000000d5d80000)
  from space 512K, 48% used [0x00000000d5f80000,0x00000000d5fbe938,0x00000000d6000000)
  to   space 512K, 0% used [0x00000000d5f00000,0x00000000d5f00000,0x00000000d5f80000)
 ParOldGen       total 225280K, used 224725K [0x0000000080000000, 0x000000008dc00000, 0x00000000d5580000)
  object space 225280K, 99% used [0x0000000080000000,0x000000008db75498,0x000000008dc00000)
 Metaspace       used 76021K, committed 77568K, reserved 1179648K
  class space    used 8037K, committed 8704K, reserved 1048576K
}
Event: 577.878 GC heap before
{Heap before GC invocations=120 (full 3):
 PSYoungGen      total 8704K, used 8442K [0x00000000d5580000, 0x00000000d6000000, 0x0000000100000000)
  eden space 8192K, 100% used [0x00000000d5580000,0x00000000d5d80000,0x00000000d5d80000)
  from space 512K, 48% used [0x00000000d5f80000,0x00000000d5fbe938,0x00000000d6000000)
  to   space 512K, 0% used [0x00000000d5f00000,0x00000000d5f00000,0x00000000d5f80000)
 ParOldGen       total 225280K, used 224725K [0x0000000080000000, 0x000000008dc00000, 0x00000000d5580000)
  object space 225280K, 99% used [0x0000000080000000,0x000000008db75498,0x000000008dc00000)
 Metaspace       used 76033K, committed 77568K, reserved 1179648K
  class space    used 8037K, committed 8704K, reserved 1048576K
}
Event: 577.880 GC heap after
{Heap after GC invocations=120 (full 3):
 PSYoungGen      total 8704K, used 282K [0x00000000d5580000, 0x00000000d6000000, 0x0000000100000000)
  eden space 8192K, 0% used [0x00000000d5580000,0x00000000d5580000,0x00000000d5d80000)
  from space 512K, 55% used [0x00000000d5f00000,0x00000000d5f46a80,0x00000000d5f80000)
  to   space 512K, 0% used [0x00000000d5f80000,0x00000000d5f80000,0x00000000d6000000)
 ParOldGen       total 225280K, used 224841K [0x0000000080000000, 0x000000008dc00000, 0x00000000d5580000)
  object space 225280K, 99% used [0x0000000080000000,0x000000008db92698,0x000000008dc00000)
 Metaspace       used 76033K, committed 77568K, reserved 1179648K
  class space    used 8037K, committed 8704K, reserved 1048576K
}
Event: 578.059 GC heap before
{Heap before GC invocations=121 (full 3):
 PSYoungGen      total 8704K, used 8474K [0x00000000d5580000, 0x00000000d6000000, 0x0000000100000000)
  eden space 8192K, 100% used [0x00000000d5580000,0x00000000d5d80000,0x00000000d5d80000)
  from space 512K, 55% used [0x00000000d5f00000,0x00000000d5f46a80,0x00000000d5f80000)
  to   space 512K, 0% used [0x00000000d5f80000,0x00000000d5f80000,0x00000000d6000000)
 ParOldGen       total 225280K, used 224841K [0x0000000080000000, 0x000000008dc00000, 0x00000000d5580000)
  object space 225280K, 99% used [0x0000000080000000,0x000000008db92698,0x000000008dc00000)
 Metaspace       used 76050K, committed 77632K, reserved 1179648K
  class space    used 8038K, committed 8704K, reserved 1048576K
}
Event: 578.061 GC heap after
{Heap after GC invocations=121 (full 3):
 PSYoungGen      total 8704K, used 480K [0x00000000d5580000, 0x00000000d6000000, 0x0000000100000000)
  eden space 8192K, 0% used [0x00000000d5580000,0x00000000d5580000,0x00000000d5d80000)
  from space 512K, 93% used [0x00000000d5f80000,0x00000000d5ff82b0,0x00000000d6000000)
  to   space 1024K, 0% used [0x00000000d5e00000,0x00000000d5e00000,0x00000000d5f00000)
 ParOldGen       total 225280K, used 225170K [0x0000000080000000, 0x000000008dc00000, 0x00000000d5580000)
  object space 225280K, 99% used [0x0000000080000000,0x000000008dbe4958,0x000000008dc00000)
 Metaspace       used 76050K, committed 77632K, reserved 1179648K
  class space    used 8038K, committed 8704K, reserved 1048576K
}
Event: 578.430 GC heap before
{Heap before GC invocations=122 (full 3):
 PSYoungGen      total 8704K, used 8625K [0x00000000d5580000, 0x00000000d6000000, 0x0000000100000000)
  eden space 8192K, 99% used [0x00000000d5580000,0x00000000d5d74160,0x00000000d5d80000)
  from space 512K, 93% used [0x00000000d5f80000,0x00000000d5ff82b0,0x00000000d6000000)
  to   space 1024K, 0% used [0x00000000d5e00000,0x00000000d5e00000,0x00000000d5f00000)
 ParOldGen       total 225280K, used 225170K [0x0000000080000000, 0x000000008dc00000, 0x00000000d5580000)
  object space 225280K, 99% used [0x0000000080000000,0x000000008dbe4958,0x000000008dc00000)
 Metaspace       used 76079K, committed 77632K, reserved 1179648K
  class space    used 8040K, committed 8704K, reserved 1048576K
}
Event: 578.439 GC heap after
{Heap after GC invocations=122 (full 3):
 PSYoungGen      total 9216K, used 1024K [0x00000000d5580000, 0x00000000d6000000, 0x0000000100000000)
  eden space 8192K, 0% used [0x00000000d5580000,0x00000000d5580000,0x00000000d5d80000)
  from space 1024K, 100% used [0x00000000d5e00000,0x00000000d5f00000,0x00000000d5f00000)
  to   space 512K, 0% used [0x00000000d5f80000,0x00000000d5f80000,0x00000000d6000000)
 ParOldGen       total 230912K, used 230635K [0x0000000080000000, 0x000000008e180000, 0x00000000d5580000)
  object space 230912K, 99% used [0x0000000080000000,0x000000008e13ac08,0x000000008e180000)
 Metaspace       used 76079K, committed 77632K, reserved 1179648K
  class space    used 8040K, committed 8704K, reserved 1048576K
}
Event: 579.186 GC heap before
{Heap before GC invocations=123 (full 3):
 PSYoungGen      total 9216K, used 9216K [0x00000000d5580000, 0x00000000d6000000, 0x0000000100000000)
  eden space 8192K, 100% used [0x00000000d5580000,0x00000000d5d80000,0x00000000d5d80000)
  from space 1024K, 100% used [0x00000000d5e00000,0x00000000d5f00000,0x00000000d5f00000)
  to   space 512K, 0% used [0x00000000d5f80000,0x00000000d5f80000,0x00000000d6000000)
 ParOldGen       total 230912K, used 230635K [0x0000000080000000, 0x000000008e180000, 0x00000000d5580000)
  object space 230912K, 99% used [0x0000000080000000,0x000000008e13ac08,0x000000008e180000)
 Metaspace       used 76161K, committed 77696K, reserved 1179648K
  class space    used 8045K, committed 8704K, reserved 1048576K
}
Event: 579.189 GC heap after
{Heap after GC invocations=123 (full 3):
 PSYoungGen      total 7168K, used 480K [0x00000000d5580000, 0x00000000d6480000, 0x0000000100000000)
  eden space 6656K, 0% used [0x00000000d5580000,0x00000000d5580000,0x00000000d5c00000)
  from space 512K, 93% used [0x00000000d5f80000,0x00000000d5ff8080,0x00000000d6000000)
  to   space 3584K, 0% used [0x00000000d5c00000,0x00000000d5c00000,0x00000000d5f80000)
 ParOldGen       total 231936K, used 231555K [0x0000000080000000, 0x000000008e280000, 0x00000000d5580000)
  object space 231936K, 99% used [0x0000000080000000,0x000000008e220c18,0x000000008e280000)
 Metaspace       used 76161K, committed 77696K, reserved 1179648K
  class space    used 8045K, committed 8704K, reserved 1048576K
}

